{"numTotalTestSuites":5,"numPassedTestSuites":2,"numFailedTestSuites":3,"numPendingTestSuites":0,"numTotalTests":5,"numPassedTests":2,"numFailedTests":3,"numPendingTests":0,"numTodoTests":0,"snapshot":{"added":0,"failure":false,"filesAdded":0,"filesRemoved":0,"filesRemovedList":[],"filesUnmatched":1,"filesUpdated":0,"matched":0,"total":2,"unchecked":0,"uncheckedKeysByFile":[],"unmatched":2,"updated":0,"didUpdate":false},"startTime":1789197192337,"success":false,"testResults":[{"assertionResults":[{"ancestorTitles":["Hello World worker"],"fullName":"Hello World worker responds with Hello World! (unit style)","status":"failed","title":"responds with Hello World! (unit style)","duration":860,"failureMessages":["Error: Snapshot `Hello World worker > responds with Hello World! (unit style) 1` mismatched\n    at assertMatchResult (__mf_vitest_encoded__/C:/Users/%E6%9E%97%E6%B1%9F%E5%8A%AD/Desktop/%E9%A1%B9%E7%9B%AE/Cloudflare Workers/starlight/node_modules/vitest/dist/chunks/test.DNmyFkvJ.js:4027:23)\n    at Proxy.__INLINE_SNAPSHOT_OFFSET_3__ (__mf_vitest_encoded__/C:/Users/%E6%9E%97%E6%B1%9F%E5%8A%AD/Desktop/%E9%A1%B9%E7%9B%AE/Cloudflare Workers/starlight/node_modules/vitest/dist/chunks/test.DNmyFkvJ.js:3903:10)\n    at Proxy.<anonymous> (__mf_vitest_encoded__/C:/Users/%E6%9E%97%E6%B1%9F%E5%8A%AD/Desktop/%E9%A1%B9%E7%9B%AE/Cloudflare Workers/starlight/node_modules/@vitest/expect/dist/index.js:1156:15)\n    at Proxy.methodWrapper (__mf_vitest_encoded__/C:/Users/%E6%9E%97%E6%B1%9F%E5%8A%AD/Desktop/%E9%A1%B9%E7%9B%AE/Cloudflare Workers/starlight/node_modules/chai/index.js:1700:25)\n    at C:/Users/林江劭/Desktop/项目/Cloudflare Workers/starlight/test/index.spec.ts:25:33\n    at __mf_vitest_encoded__/C:/Users/%E6%9E%97%E6%B1%9F%E5%8A%AD/Desktop/%E9%A1%B9%E7%9B%AE/Cloudflare Workers/starlight/node_modules/@vitest/runner/dist/chunk-artifact.js:1903:20"],"meta":{},"tags":[]},{"ancestorTitles":["Hello World worker"],"fullName":"Hello World worker responds with Hello World! (integration style)","status":"failed","title":"responds with Hello World! (integration style)","duration":1139,"failureMessages":["Error: Snapshot `Hello World worker > responds with Hello World! (integration style) 1` mismatched\n    at assertMatchResult (__mf_vitest_encoded__/C:/Users/%E6%9E%97%E6%B1%9F%E5%8A%AD/Desktop/%E9%A1%B9%E7%9B%AE/Cloudflare Workers/starlight/node_modules/vitest/dist/chunks/test.DNmyFkvJ.js:4027:23)\n    at Proxy.__INLINE_SNAPSHOT_OFFSET_3__ (__mf_vitest_encoded__/C:/Users/%E6%9E%97%E6%B1%9F%E5%8A%AD/Desktop/%E9%A1%B9%E7%9B%AE/Cloudflare Workers/starlight/node_modules/vitest/dist/chunks/test.DNmyFkvJ.js:3903:10)\n    at Proxy.<anonymous> (__mf_vitest_encoded__/C:/Users/%E6%9E%97%E6%B1%9F%E5%8A%AD/Desktop/%E9%A1%B9%E7%9B%AE/Cloudflare Workers/starlight/node_modules/@vitest/expect/dist/index.js:1156:15)\n    at Proxy.methodWrapper (__mf_vitest_encoded__/C:/Users/%E6%9E%97%E6%B1%9F%E5%8A%AD/Desktop/%E9%A1%B9%E7%9B%AE/Cloudflare Workers/starlight/node_modules/chai/index.js:1700:25)\n    at C:/Users/林江劭/Desktop/项目/Cloudflare Workers/starlight/test/index.spec.ts:30:33\n    at __mf_vitest_encoded__/C:/Users/%E6%9E%97%E6%B1%9F%E5%8A%AD/Desktop/%E9%A1%B9%E7%9B%AE/Cloudflare Workers/starlight/node_modules/@vitest/runner/dist/chunk-artifact.js:1903:20"],"meta":{},"tags":[]},{"ancestorTitles":["user tag rendering"],"fullName":"user tag rendering keeps rainbow tags visible","status":"passed","title":"keeps rainbow tags visible","duration":1,"failureMessages":[],"meta":{},"tags":[]},{"ancestorTitles":["problem article formatting"],"fullName":"problem article formatting adds the problem prefix and jump link","status":"passed","title":"adds the problem prefix and jump link","duration":0,"failureMessages":[],"meta":{},"tags":[]},{"ancestorTitles":["online stats line segmentation"],"fullName":"online stats line segmentation breaks the line when values are missing or pre-feature legacy data exists","status":"failed","title":"breaks the line when values are missing or pre-feature legacy data exists","duration":2,"failureMessages":["AssertionError: expected [ [ +0, 1 ], [ 3, 3 ], [ 6, 6 ] ] to deeply equal [ [ +0, 1 ], [ 3 ], [ 6 ] ]\n    at C:/Users/林江劭/Desktop/项目/Cloudflare Workers/starlight/test/index.spec.ts:64:45\n    at __mf_vitest_encoded__/C:/Users/%E6%9E%97%E6%B1%9F%E5%8A%AD/Desktop/%E9%A1%B9%E7%9B%AE/Cloudflare Workers/starlight/node_modules/@vitest/runner/dist/chunk-artifact.js:302:11\n    at __mf_vitest_encoded__/C:/Users/%E6%9E%97%E6%B1%9F%E5%8A%AD/Desktop/%E9%A1%B9%E7%9B%AE/Cloudflare Workers/starlight/node_modules/@vitest/runner/dist/chunk-artifact.js:1903:26\n    at __mf_vitest_encoded__/C:/Users/%E6%9E%97%E6%B1%9F%E5%8A%AD/Desktop/%E9%A1%B9%E7%9B%AE/Cloudflare Workers/starlight/node_modules/@vitest/runner/dist/chunk-artifact.js:2326:20\n    at new Promise (<anonymous>)\n    at runWithCancel (__mf_vitest_encoded__/C:/Users/%E6%9E%97%E6%B1%9F%E5%8A%AD/Desktop/%E9%A1%B9%E7%9B%AE/Cloudflare Workers/starlight/node_modules/@vitest/runner/dist/chunk-artifact.js:2323:10)\n    at __mf_vitest_encoded__/C:/Users/%E6%9E%97%E6%B1%9F%E5%8A%AD/Desktop/%E9%A1%B9%E7%9B%AE/Cloudflare Workers/starlight/node_modules/@vitest/runner/dist/chunk-artifact.js:2305:20\n    at new Promise (<anonymous>)\n    at runWithTimeout (__mf_vitest_encoded__/C:/Users/%E6%9E%97%E6%B1%9F%E5%8A%AD/Desktop/%E9%A1%B9%E7%9B%AE/Cloudflare Workers/starlight/node_modules/@vitest/runner/dist/chunk-artifact.js:2272:10)\n    at __mf_vitest_encoded__/C:/Users/%E6%9E%97%E6%B1%9F%E5%8A%AD/Desktop/%E9%A1%B9%E7%9B%AE/Cloudflare Workers/starlight/node_modules/@vitest/runner/dist/chunk-artifact.js:2956:64"],"meta":{},"tags":[]}],"startTime":1789197193196,"endTime":1789197195198,"status":"failed","message":"","name":"C:/Users/林江劭/Desktop/项目/Cloudflare Workers/starlight/test/index.spec.ts"}]}